<?xml version="1.0" encoding="UTF-8"?>
<testng-results ignored="0" total="1" passed="1" failed="0" skipped="0">
  <reporter-output>
  </reporter-output>
  <suite started-at="2024-10-04T12:12:31 IST" name="Default suite" finished-at="2024-10-04T12:12:45 IST" duration-ms="14141">
    <groups>
    </groups>
    <test started-at="2024-10-04T12:12:31 IST" name="Default test" finished-at="2024-10-04T12:12:45 IST" duration-ms="14141">
      <class name="webtables.WbTable">
        <test-method signature="table()[pri:0, instance:webtables.WbTable@5c6648b0]" started-at="2024-10-04T12:12:31 IST" name="table" finished-at="2024-10-04T12:12:45 IST" duration-ms="14037" status="PASS">
          <reporter-output>
          </reporter-output>
        </test-method> <!-- table -->
      </class> <!-- webtables.WbTable -->
    </test> <!-- Default test -->
  </suite> <!-- Default suite -->
</testng-results>
